Build started 9/5/2014 8:45:00 PM.
     1>Project "C:\Users\Jash\Documents\Visual Studio 2012\Projects\Project1\Project1\Project1.vcxproj" on node 2 (Build target(s)).
     1>ClCompile:
         C:\Program Files (x86)\Microsoft Visual Studio 11.0\VC\bin\CL.exe /c /Zi /nologo /W3 /WX- /O2 /Oi /Oy- /GL /D _MBCS /Gm- /EHsc /MD /GS /Gy /fp:precise /Zc:wchar_t /Zc:forScope /Fo"Release\\" /Fd"Release\vc110.pdb" /Gd /TP /analyze- /errorReport:prompt SpoolStuff.cpp
         SpoolStuff.cpp
     1>c:\users\jash\documents\visual studio 2012\projects\project1\project1\SpoolStuff.h(1): warning C4067: unexpected tokens following preprocessor directive - expected a newline
     1>c:\users\jash\documents\visual studio 2012\projects\project1\project1\SpoolStuff.h(2): warning C4067: unexpected tokens following preprocessor directive - expected a newline
     1>c:\users\jash\documents\visual studio 2012\projects\project1\project1\SpoolStuff.h(3): warning C4067: unexpected tokens following preprocessor directive - expected a newline
     1>c:\users\jash\documents\visual studio 2012\projects\project1\project1\SpoolStuff.h(4): warning C4067: unexpected tokens following preprocessor directive - expected a newline
     1>c:\users\jash\documents\visual studio 2012\projects\project1\project1\SpoolStuff.h(5): warning C4067: unexpected tokens following preprocessor directive - expected a newline
     1>c:\users\jash\documents\visual studio 2012\projects\project1\project1\SpoolStuff.h(6): warning C4067: unexpected tokens following preprocessor directive - expected a newline
     1>c:\users\jash\documents\visual studio 2012\projects\project1\project1\SpoolStuff.h(7): warning C4067: unexpected tokens following preprocessor directive - expected a newline
     1>SpoolStuff.cpp(61): warning C4101: 'dwKeyDataType' : unreferenced local variable
     1>SpoolStuff.cpp(60): warning C4101: 'value' : unreferenced local variable
     1>SpoolStuff.cpp(86): warning C4996: 'mkdir': The POSIX name for this item is deprecated. Instead, use the ISO C++ conformant name: _mkdir. See online help for details.
                 C:\Program Files (x86)\Microsoft Visual Studio 11.0\VC\include\direct.h(140) : see declaration of 'mkdir'
     1>SpoolStuff.cpp(102): warning C4800: 'BOOL' : forcing value to bool 'true' or 'false' (performance warning)
       Link:
         C:\Program Files (x86)\Microsoft Visual Studio 11.0\VC\bin\link.exe /ERRORREPORT:PROMPT /OUT:"C:\Users\Jash\Documents\Visual Studio 2012\Projects\Project1\Release\Project1.exe" /NOLOGO kernel32.lib user32.lib gdi32.lib winspool.lib comdlg32.lib advapi32.lib shell32.lib ole32.lib oleaut32.lib uuid.lib odbc32.lib odbccp32.lib /MANIFEST /MANIFESTUAC:"level='asInvoker' uiAccess='false'" /manifest:embed /DEBUG /PDB:"C:\Users\Jash\Documents\Visual Studio 2012\Projects\Project1\Release\Project1.pdb" /OPT:REF /OPT:ICF /LTCG /TLBID:1 /DYNAMICBASE /NXCOMPAT /IMPLIB:"C:\Users\Jash\Documents\Visual Studio 2012\Projects\Project1\Release\Project1.lib" /MACHINE:X86 /SAFESEH Release\Source.obj
         Release\SpoolStuff.obj
         Generating code
         Finished generating code
         Project1.vcxproj -> C:\Users\Jash\Documents\Visual Studio 2012\Projects\Project1\Release\Project1.exe
     1>Done Building Project "C:\Users\Jash\Documents\Visual Studio 2012\Projects\Project1\Project1\Project1.vcxproj" (Build target(s)).

Build succeeded.

Time Elapsed 00:00:02.26
