Build started 9/6/2014 9:55:27 AM.
     1>Project "C:\Users\Jash\Documents\Visual Studio 2012\Projects\Project1\Project1\Project1.vcxproj" on node 2 (Build target(s)).
     1>ClCompile:
         C:\Program Files (x86)\Microsoft Visual Studio 11.0\VC\bin\CL.exe /c /ZI /nologo /W3 /WX- /Od /Oy- /D _MBCS /Gm /EHsc /RTC1 /MDd /GS /fp:precise /Zc:wchar_t /Zc:forScope /Fo"Debug\\" /Fd"Debug\vc110.pdb" /Gd /TP /analyze- /errorReport:prompt SpoolStuff.cpp
         SpoolStuff.cpp
     1>c:\users\jash\documents\visual studio 2012\projects\project1\project1\spoolstuff.h(1): warning C4067: unexpected tokens following preprocessor directive - expected a newline
     1>c:\users\jash\documents\visual studio 2012\projects\project1\project1\spoolstuff.h(2): warning C4067: unexpected tokens following preprocessor directive - expected a newline
     1>c:\users\jash\documents\visual studio 2012\projects\project1\project1\spoolstuff.h(3): warning C4067: unexpected tokens following preprocessor directive - expected a newline
     1>c:\users\jash\documents\visual studio 2012\projects\project1\project1\spoolstuff.h(4): warning C4067: unexpected tokens following preprocessor directive - expected a newline
     1>c:\users\jash\documents\visual studio 2012\projects\project1\project1\spoolstuff.h(5): warning C4067: unexpected tokens following preprocessor directive - expected a newline
     1>c:\users\jash\documents\visual studio 2012\projects\project1\project1\spoolstuff.h(6): warning C4067: unexpected tokens following preprocessor directive - expected a newline
     1>c:\users\jash\documents\visual studio 2012\projects\project1\project1\spoolstuff.h(7): warning C4067: unexpected tokens following preprocessor directive - expected a newline
     1>c:\users\jash\documents\visual studio 2012\projects\project1\project1\spoolstuff.cpp(66): warning C4101: 'dwKeyDataType' : unreferenced local variable
     1>c:\users\jash\documents\visual studio 2012\projects\project1\project1\spoolstuff.cpp(65): warning C4101: 'value' : unreferenced local variable
     1>c:\users\jash\documents\visual studio 2012\projects\project1\project1\spoolstuff.cpp(106): warning C4996: 'mkdir': The POSIX name for this item is deprecated. Instead, use the ISO C++ conformant name: _mkdir. See online help for details.
                 c:\program files (x86)\microsoft visual studio 11.0\vc\include\direct.h(140) : see declaration of 'mkdir'
     1>c:\users\jash\documents\visual studio 2012\projects\project1\project1\spoolstuff.cpp(169): warning C4715: 'SpoolStuff::GetKAPDValue' : not all control paths return a value
       Link:
         C:\Program Files (x86)\Microsoft Visual Studio 11.0\VC\bin\link.exe /ERRORREPORT:PROMPT /OUT:"C:\Users\Jash\Documents\Visual Studio 2012\Projects\Project1\Debug\Project1.exe" /INCREMENTAL /NOLOGO kernel32.lib user32.lib gdi32.lib winspool.lib comdlg32.lib advapi32.lib shell32.lib ole32.lib oleaut32.lib uuid.lib odbc32.lib odbccp32.lib /MANIFEST /MANIFESTUAC:"level='asInvoker' uiAccess='false'" /manifest:embed /DEBUG /PDB:"C:\Users\Jash\Documents\Visual Studio 2012\Projects\Project1\Debug\Project1.pdb" /TLBID:1 /DYNAMICBASE /NXCOMPAT /IMPLIB:"C:\Users\Jash\Documents\Visual Studio 2012\Projects\Project1\Debug\Project1.lib" /MACHINE:X86 Debug\Source.obj
         Debug\SpoolStuff.obj
         Project1.vcxproj -> C:\Users\Jash\Documents\Visual Studio 2012\Projects\Project1\Debug\Project1.exe
     1>Done Building Project "C:\Users\Jash\Documents\Visual Studio 2012\Projects\Project1\Project1\Project1.vcxproj" (Build target(s)).

Build succeeded.

Time Elapsed 00:00:02.17
